<?xml version="1.0" encoding="UTF-8"?>
<!-- Generated by org.testng.reporters.JUnitReportReporter -->
<testsuite hostname="RW-LAP-007" failures="0" tests="1" name="com.Test.Create_Time_Line_Test" time="142.181" errors="0" timestamp="2023-08-22T17:23:08 IST" skipped="0">
  <testcase classname="com.Test.Create_Time_Line_Test" name="Create_Time_Line_Test" time="142.181"/>
  <system-out/>
</testsuite> <!-- com.Test.Create_Time_Line_Test -->
