<?xml version="1.0" encoding="UTF-8"?>
<!-- Generated by org.testng.reporters.JUnitReportReporter -->
<testsuite hostname="RW-LAP-007" failures="0" tests="1" name="com.Test.Test_1" time="151.426" errors="0" timestamp="2023-04-26T15:44:45 IST" skipped="0">
  <testcase classname="com.Test.Test_1" name="VerifyTC_001" time="151.426"/>
  <system-out/>
</testsuite> <!-- com.Test.Test_1 -->
