<?xml version="1.0" encoding="UTF-8"?>
<!-- Generated by org.testng.reporters.JUnitReportReporter -->
<testsuite hostname="RW-LAP-007" failures="0" tests="1" name="com.Test.Test_Home_Page" time="70.800" errors="0" timestamp="2023-04-25T19:16:13 IST" skipped="0">
  <testcase classname="com.Test.Test_Home_Page" name="homePageTest" time="70.800"/>
  <system-out/>
</testsuite> <!-- com.Test.Test_Home_Page -->
