<?xml version="1.0" encoding="UTF-8"?>
<!-- Generated by org.testng.reporters.JUnitReportReporter -->
<testsuite hostname="RW-LAP-007" failures="0" tests="1" name="com.Test.Insight_Page_Test" time="100.138" errors="0" timestamp="2024-01-15T15:10:24 IST" skipped="0">
  <testcase classname="com.Test.Insight_Page_Test" name="Insight_Page_Test" time="100.138"/>
  <system-out/>
</testsuite> <!-- com.Test.Insight_Page_Test -->
