<?xml version="1.0" encoding="UTF-8"?>
<!-- Generated by org.testng.reporters.JUnitReportReporter -->
<testsuite hostname="RW-LAP-007" failures="0" tests="1" name="com.Test.Create_Time_Line_and_DRP" time="435.666" errors="0" timestamp="2023-09-20T11:03:26 IST" skipped="0">
  <testcase classname="com.Test.Create_Time_Line_and_DRP" name="Create_Time_Line_and_DRP" time="435.666"/>
  <system-out/>
</testsuite> <!-- com.Test.Create_Time_Line_and_DRP -->
