<?xml version="1.0" encoding="UTF-8"?>
<!-- Generated by org.testng.reporters.JUnitReportReporter -->
<testsuite hostname="RW-LAP-007" failures="0" tests="1" name="com.Test.Patent_dashboard_Test" time="148.830" errors="0" timestamp="2023-09-13T17:55:26 IST" skipped="0">
  <testcase classname="com.Test.Patent_dashboard_Test" name="Patent_dashboard_Test" time="148.830"/>
  <system-out/>
</testsuite> <!-- com.Test.Patent_dashboard_Test -->
