<?xml version="1.0" encoding="UTF-8"?>
<!-- Generated by org.testng.reporters.JUnitReportReporter -->
<testsuite hostname="RW-LAP-007" failures="0" tests="1" name="com.Test.CreateDRPTest" time="3.887" errors="1" timestamp="2023-08-23T15:12:06 IST" skipped="0">
  <testcase classname="com.Test.CreateDRPTest" name="CreateDRPTest" time="3.887">
    <error message="Unresolved compilation problems: 
	The method getAdvance_button() is undefined for the type CreateDRP
	The method getLink() is undefined for the type CreateDRP
	The method getAccept() is undefined for the type CreateDRP
	The method getTxt_email() is undefined for the type CreateDRP
	The method getTxt_pass() is undefined for the type CreateDRP
	The method getTxt_Login_Search_button() is undefined for the type CreateDRP
" type="java.lang.Error">
      <![CDATA[java.lang.Error: Unresolved compilation problems: 
The method getAdvance_button() is undefined for the type CreateDRP
The method getLink() is undefined for the type CreateDRP
The method getAccept() is undefined for the type CreateDRP
The method getTxt_email() is undefined for the type CreateDRP
The method getTxt_pass() is undefined for the type CreateDRP
The method getTxt_Login_Search_button() is undefined for the type CreateDRP

at com.Test.CreateDRPTest.CreateDRPTest(CreateDRPTest.java:18)
at java.base/jdk.internal.reflect.NativeMethodAccessorImpl.invoke0(Native Method)
at java.base/jdk.internal.reflect.NativeMethodAccessorImpl.invoke(NativeMethodAccessorImpl.java:77)
at java.base/jdk.internal.reflect.DelegatingMethodAccessorImpl.invoke(DelegatingMethodAccessorImpl.java:43)
at java.base/java.lang.reflect.Method.invoke(Method.java:568)
at org.testng.internal.MethodInvocationHelper.invokeMethod(MethodInvocationHelper.java:133)
at org.testng.internal.TestInvoker.invokeMethod(TestInvoker.java:598)
at org.testng.internal.TestInvoker.invokeTestMethod(TestInvoker.java:173)
at org.testng.internal.MethodRunner.runInSequence(MethodRunner.java:46)
at org.testng.internal.TestInvoker$MethodInvocationAgent.invoke(TestInvoker.java:824)
at org.testng.internal.TestInvoker.invokeTestMethods(TestInvoker.java:146)
at org.testng.internal.TestMethodWorker.invokeTestMethods(TestMethodWorker.java:146)
at org.testng.internal.TestMethodWorker.run(TestMethodWorker.java:128)
at java.base/java.util.ArrayList.forEach(ArrayList.java:1511)
at org.testng.TestRunner.privateRun(TestRunner.java:794)
at org.testng.TestRunner.run(TestRunner.java:596)
at org.testng.SuiteRunner.runTest(SuiteRunner.java:377)
at org.testng.SuiteRunner.runSequentially(SuiteRunner.java:371)
at org.testng.SuiteRunner.privateRun(SuiteRunner.java:332)
at org.testng.SuiteRunner.run(SuiteRunner.java:276)
at org.testng.SuiteRunnerWorker.runSuite(SuiteRunnerWorker.java:53)
at org.testng.SuiteRunnerWorker.run(SuiteRunnerWorker.java:96)
at org.testng.TestNG.runSuitesSequentially(TestNG.java:1212)
at org.testng.TestNG.runSuitesLocally(TestNG.java:1134)
at org.testng.TestNG.runSuites(TestNG.java:1063)
at org.testng.TestNG.run(TestNG.java:1031)
at org.testng.remote.AbstractRemoteTestNG.run(AbstractRemoteTestNG.java:115)
at org.testng.remote.RemoteTestNG.initAndRun(RemoteTestNG.java:251)
at org.testng.remote.RemoteTestNG.main(RemoteTestNG.java:77)
]]>
    </error>
  </testcase> <!-- CreateDRPTest -->
  <system-out/>
</testsuite> <!-- com.Test.CreateDRPTest -->
