<?xml version="1.0" encoding="UTF-8"?>
<!-- Generated by org.testng.reporters.JUnitReportReporter -->
<testsuite hostname="RW-LAP-007" failures="0" tests="1" name="com.Test.Test_2" time="36.420" errors="0" timestamp="2023-04-15T10:28:22 IST" skipped="0">
  <testcase classname="com.Test.Test_2" name="VerifyTC_001" time="36.420"/>
  <system-out/>
</testsuite> <!-- com.Test.Test_2 -->
