<?xml version="1.0" encoding="UTF-8"?>
<!-- Generated by org.testng.reporters.JUnitReportReporter -->
<testsuite hostname="RW-LAP-007" failures="0" tests="1" name="com.Test.SaveResultTest" time="172.418" errors="0" timestamp="2024-01-16T11:23:18 IST" skipped="0">
  <testcase classname="com.Test.SaveResultTest" name="SaveResultTest" time="172.418"/>
  <system-out/>
</testsuite> <!-- com.Test.SaveResultTest -->
