<?xml version="1.0" encoding="UTF-8"?>
<!-- Generated by org.testng.reporters.JUnitReportReporter -->
<testsuite hostname="RW-LAP-007" failures="0" tests="1" name="com.Test.Create_portfolio_Test" time="358.275" errors="0" timestamp="2024-01-15T14:49:38 IST" skipped="0">
  <testcase classname="com.Test.Create_portfolio_Test" name="Create_portfolio_Test" time="358.275"/>
  <system-out/>
</testsuite> <!-- com.Test.Create_portfolio_Test -->
